2025-06-08 21:02:11,699 - INFO - Starting product field fix...
2025-06-08 21:02:11,702 - INFO - Connecting to MongoDB...
2025-06-08 21:02:12,680 - INFO - Connected successfully
2025-06-08 21:02:14,580 - INFO - Available databases: ['admin', 'config', 'local', 'monkeyz', 'shop']
2025-06-08 21:02:14,644 - INFO - 
Processing shop.Product collection with 1 documents
2025-06-08 21:02:14,712 - INFO - Fixing product: test
2025-06-08 21:02:14,784 - INFO - Updated product: test - Modified: 0
2025-06-08 21:02:15,054 - INFO - 
Processing admin.products collection with 13 documents
2025-06-08 21:02:15,120 - INFO - Fixing product: test
2025-06-08 21:02:15,184 - INFO - Updated product: test - Modified: 0
2025-06-08 21:02:15,185 - INFO - Fixing product: test
2025-06-08 21:02:15,246 - INFO - Updated product: test - Modified: 0
2025-06-08 21:02:15,247 - INFO - Fixing product: So cool
2025-06-08 21:02:15,309 - INFO - Updated product: So cool - Modified: 0
2025-06-08 21:02:15,310 - INFO - Fixing product: So coola
2025-06-08 21:02:15,371 - INFO - Updated product: So coola - Modified: 0
2025-06-08 21:02:15,372 - INFO - Fixing product: aaaaa
2025-06-08 21:02:15,435 - INFO - Updated product: aaaaa - Modified: 0
2025-06-08 21:02:15,435 - INFO - Fixing product: t1
2025-06-08 21:02:15,497 - INFO - Updated product: t1 - Modified: 0
2025-06-08 21:02:15,498 - INFO - Fixing product: asd
2025-06-08 21:02:15,559 - INFO - Updated product: asd - Modified: 0
2025-06-08 21:02:15,560 - INFO - Fixing product: test ew
2025-06-08 21:02:15,623 - INFO - Updated product: test ew - Modified: 0
2025-06-08 21:02:15,623 - INFO - Fixing product: LateT
2025-06-08 21:02:15,685 - INFO - Updated product: LateT - Modified: 0
2025-06-08 21:02:15,686 - INFO - Fixing product: A
2025-06-08 21:02:15,747 - INFO - Updated product: A - Modified: 0
2025-06-08 21:02:15,747 - INFO - Fixing product: H
2025-06-08 21:02:15,810 - INFO - Updated product: H - Modified: 0
2025-06-08 21:02:15,810 - INFO - Fixing product: PPPP
2025-06-08 21:02:15,871 - INFO - Updated product: PPPP - Modified: 0
2025-06-08 21:02:15,872 - INFO - Fixing product: fffff
2025-06-08 21:02:15,934 - INFO - Updated product: fffff - Modified: 0
2025-06-08 21:02:15,997 - INFO - 
Processing monkeyz.products collection with 0 documents
2025-06-08 21:02:15,998 - INFO - No products in monkeyz.products, skipping
2025-06-08 21:02:15,998 - INFO - 
All products fixed successfully!
2025-06-08 21:02:15,999 - INFO - 
Verifying products...
2025-06-08 21:02:16,144 - INFO - shop.Product sample: is_new=False, isNew=False, best_seller=False, isBestSeller=False
2025-06-08 21:02:16,286 - INFO - admin.products sample: is_new=False, isNew=False, best_seller=False, isBestSeller=False
2025-06-08 21:02:16,365 - INFO - Product fix process completed
2025-06-08 21:08:23,801 - INFO - Starting product field fix...
2025-06-08 21:08:23,807 - INFO - Connecting to MongoDB...
2025-06-08 21:08:25,197 - INFO - Connected successfully
2025-06-08 21:08:25,955 - INFO - Available databases: ['admin', 'config', 'local', 'monkeyz', 'shop']
2025-06-08 21:08:26,026 - INFO - 
Processing shop.Product collection with 1 documents
2025-06-08 21:08:26,095 - INFO - Fixing product: test
2025-06-08 21:08:26,164 - INFO - Updated product: test - Modified: 0
2025-06-08 21:08:26,233 - INFO - 
Processing admin.products collection with 13 documents
2025-06-08 21:08:26,312 - INFO - Fixing product: test
2025-06-08 21:08:26,387 - INFO - Updated product: test - Modified: 0
2025-06-08 21:08:26,389 - INFO - Fixing product: test
2025-06-08 21:08:26,476 - INFO - Updated product: test - Modified: 0
2025-06-08 21:08:26,477 - INFO - Fixing product: So cool
2025-06-08 21:08:26,553 - INFO - Updated product: So cool - Modified: 0
2025-06-08 21:08:26,554 - INFO - Fixing product: So coola
2025-06-08 21:08:26,629 - INFO - Updated product: So coola - Modified: 0
2025-06-08 21:08:26,630 - INFO - Fixing product: aaaaa
2025-06-08 21:08:26,699 - INFO - Updated product: aaaaa - Modified: 0
2025-06-08 21:08:26,700 - INFO - Fixing product: t1
2025-06-08 21:08:26,774 - INFO - Updated product: t1 - Modified: 0
2025-06-08 21:08:26,776 - INFO - Fixing product: asd
2025-06-08 21:08:26,856 - INFO - Updated product: asd - Modified: 0
2025-06-08 21:08:26,857 - INFO - Fixing product: test ew
2025-06-08 21:08:26,924 - INFO - Updated product: test ew - Modified: 0
2025-06-08 21:08:26,925 - INFO - Fixing product: LateT
2025-06-08 21:08:26,992 - INFO - Updated product: LateT - Modified: 0
2025-06-08 21:08:26,993 - INFO - Fixing product: A
2025-06-08 21:08:27,062 - INFO - Updated product: A - Modified: 0
2025-06-08 21:08:27,063 - INFO - Fixing product: H
2025-06-08 21:08:27,130 - INFO - Updated product: H - Modified: 0
2025-06-08 21:08:27,131 - INFO - Fixing product: PPPP
2025-06-08 21:08:27,200 - INFO - Updated product: PPPP - Modified: 0
2025-06-08 21:08:27,201 - INFO - Fixing product: fffff
2025-06-08 21:08:27,269 - INFO - Updated product: fffff - Modified: 0
2025-06-08 21:08:27,335 - INFO - 
Processing monkeyz.products collection with 0 documents
2025-06-08 21:08:27,335 - INFO - No products in monkeyz.products, skipping
2025-06-08 21:08:27,336 - INFO - 
All products fixed successfully!
2025-06-08 21:08:27,336 - INFO - 
Verifying products...
2025-06-08 21:08:27,470 - INFO - shop.Product sample: is_new=False, isNew=False, best_seller=False, isBestSeller=False
2025-06-08 21:08:27,603 - INFO - admin.products sample: is_new=False, isNew=False, best_seller=False, isBestSeller=False
2025-06-08 21:08:27,735 - INFO - 
Syncing 13 admin products to public collection...
2025-06-08 21:08:27,872 - INFO - Product 'test' already exists in public collection, updating fields...
2025-06-08 21:08:28,013 - INFO - Product 'test' already exists in public collection, updating fields...
2025-06-08 21:08:28,146 - INFO - Inserting new product 'So cool' into public collection...
2025-06-08 21:08:28,216 - ERROR - Error fixing products: E11000 duplicate key error collection: shop.Product index: slug_1 dup key: { slug: null }, full error: {'index': 0, 'code': 11000, 'errmsg': 'E11000 duplicate key error collection: shop.Product index: slug_1 dup key: { slug: null }', 'keyPattern': {'slug': 1}, 'keyValue': {'slug': None}}
2025-06-08 21:08:28,218 - INFO - Product fix process completed
2025-06-08 21:08:51,933 - INFO - Starting product field fix...
2025-06-08 21:08:51,936 - INFO - Connecting to MongoDB...
2025-06-08 21:08:52,980 - INFO - Connected successfully
2025-06-08 21:08:53,756 - INFO - Available databases: ['admin', 'config', 'local', 'monkeyz', 'shop']
2025-06-08 21:08:53,826 - INFO - 
Processing shop.Product collection with 1 documents
2025-06-08 21:08:53,899 - INFO - Fixing product: test
2025-06-08 21:08:53,969 - INFO - Updated product: test - Modified: 0
2025-06-08 21:08:54,038 - INFO - 
Processing admin.products collection with 13 documents
2025-06-08 21:08:54,109 - INFO - Fixing product: test
2025-06-08 21:08:54,177 - INFO - Updated product: test - Modified: 0
2025-06-08 21:08:54,178 - INFO - Fixing product: test
2025-06-08 21:08:54,248 - INFO - Updated product: test - Modified: 0
2025-06-08 21:08:54,249 - INFO - Fixing product: So cool
2025-06-08 21:08:54,320 - INFO - Updated product: So cool - Modified: 0
2025-06-08 21:08:54,321 - INFO - Fixing product: So coola
2025-06-08 21:08:54,393 - INFO - Updated product: So coola - Modified: 0
2025-06-08 21:08:54,394 - INFO - Fixing product: aaaaa
2025-06-08 21:08:54,473 - INFO - Updated product: aaaaa - Modified: 0
2025-06-08 21:08:54,474 - INFO - Fixing product: t1
2025-06-08 21:08:54,550 - INFO - Updated product: t1 - Modified: 0
2025-06-08 21:08:54,552 - INFO - Fixing product: asd
2025-06-08 21:08:54,622 - INFO - Updated product: asd - Modified: 0
2025-06-08 21:08:54,623 - INFO - Fixing product: test ew
2025-06-08 21:08:54,692 - INFO - Updated product: test ew - Modified: 0
2025-06-08 21:08:54,693 - INFO - Fixing product: LateT
2025-06-08 21:08:54,765 - INFO - Updated product: LateT - Modified: 0
2025-06-08 21:08:54,766 - INFO - Fixing product: A
2025-06-08 21:08:54,833 - INFO - Updated product: A - Modified: 0
2025-06-08 21:08:54,834 - INFO - Fixing product: H
2025-06-08 21:08:54,903 - INFO - Updated product: H - Modified: 0
2025-06-08 21:08:54,903 - INFO - Fixing product: PPPP
2025-06-08 21:08:54,972 - INFO - Updated product: PPPP - Modified: 0
2025-06-08 21:08:54,973 - INFO - Fixing product: fffff
2025-06-08 21:08:55,043 - INFO - Updated product: fffff - Modified: 0
2025-06-08 21:08:55,111 - INFO - 
Processing monkeyz.products collection with 0 documents
2025-06-08 21:08:55,112 - INFO - No products in monkeyz.products, skipping
2025-06-08 21:08:55,112 - INFO - 
All products fixed successfully!
2025-06-08 21:08:55,113 - INFO - 
Verifying products...
2025-06-08 21:08:55,249 - INFO - shop.Product sample: is_new=False, isNew=False, best_seller=False, isBestSeller=False
2025-06-08 21:08:55,393 - INFO - admin.products sample: is_new=False, isNew=False, best_seller=False, isBestSeller=False
2025-06-08 21:08:55,529 - INFO - 
Syncing 13 admin products to public collection...
2025-06-08 21:08:55,745 - INFO - Product 'test' already exists in public collection, updating fields...
2025-06-08 21:08:56,022 - INFO - Product 'test' already exists in public collection, updating fields...
2025-06-08 21:08:56,242 - INFO - Inserting new product 'So cool' into public collection...
2025-06-08 21:08:56,448 - INFO - Inserting new product 'So coola' into public collection...
2025-06-08 21:08:56,658 - INFO - Inserting new product 'aaaaa' into public collection...
2025-06-08 21:08:56,870 - INFO - Inserting new product 't1' into public collection...
2025-06-08 21:08:57,075 - INFO - Inserting new product 'asd' into public collection...
2025-06-08 21:08:57,279 - INFO - Inserting new product 'test ew' into public collection...
2025-06-08 21:08:57,484 - INFO - Inserting new product 'LateT' into public collection...
2025-06-08 21:08:57,698 - INFO - Inserting new product 'A' into public collection...
2025-06-08 21:08:57,902 - INFO - Inserting new product 'H' into public collection...
2025-06-08 21:08:58,104 - INFO - Inserting new product 'PPPP' into public collection...
2025-06-08 21:08:58,311 - INFO - Inserting new product 'fffff' into public collection...
2025-06-08 21:08:58,383 - INFO - 
Admin products successfully synced to public collection!
2025-06-08 21:08:58,386 - INFO - Product fix process completed
