2025-05-29 01:16:10,173 - INFO - Starting product field standardization
2025-05-29 01:16:10,932 - INFO - Connected to MongoDB
2025-05-29 01:16:11,704 - INFO - Found 1 products in shop.Product
2025-05-29 01:16:11,793 - INFO - Updated 1 products in shop.Product
2025-05-29 01:16:11,956 - INFO - Standardized all products in shop.Product
2025-05-29 01:16:12,034 - INFO - Found 5 products in shop.products
2025-05-29 01:16:12,112 - INFO - Updated 5 products in shop.products
2025-05-29 01:16:12,573 - INFO - Standardized all products in shop.products
2025-05-29 01:16:12,746 - INFO - Found 11 products in admin.products
2025-05-29 01:16:12,828 - INFO - Updated 11 products in admin.products
2025-05-29 01:16:13,758 - INFO - Standardized all products in admin.products
2025-05-29 01:16:13,924 - INFO - Product field standardization completed successfully
2025-05-29 01:16:13,926 - INFO - Product field standardization completed successfully
2025-05-29 11:50:12,323 - INFO - Starting product field standardization
2025-05-29 11:50:13,076 - INFO - Connected to MongoDB
2025-05-29 11:50:13,856 - INFO - Found 1 products in shop.Product
2025-05-29 11:50:13,937 - INFO - Updated 1 products in shop.Product
2025-05-29 11:50:14,125 - INFO - Standardized all products in shop.Product
2025-05-29 11:50:14,199 - INFO - Found 8 products in shop.products
2025-05-29 11:50:14,277 - INFO - Updated 8 products in shop.products
2025-05-29 11:50:14,962 - INFO - Standardized all products in shop.products
2025-05-29 11:50:15,119 - INFO - Found 11 products in admin.products
2025-05-29 11:50:15,198 - INFO - Updated 11 products in admin.products
2025-05-29 11:50:16,057 - INFO - Standardized all products in admin.products
2025-05-29 11:50:16,208 - INFO - Product field standardization completed successfully
2025-05-29 11:50:16,210 - INFO - Product field standardization completed successfully
2025-05-29 11:53:33,999 - INFO - Starting product field standardization
2025-05-29 11:53:34,642 - INFO - Connected to MongoDB
2025-05-29 11:53:35,435 - INFO - Found 1 products in shop.Product
2025-05-29 11:53:35,517 - INFO - Updated 1 products in shop.Product
2025-05-29 11:53:35,676 - INFO - Standardized all products in shop.Product
2025-05-29 11:53:35,756 - INFO - Found 8 products in shop.products
2025-05-29 11:53:35,835 - INFO - Updated 8 products in shop.products
2025-05-29 11:53:36,556 - INFO - Standardized all products in shop.products
2025-05-29 11:53:36,717 - INFO - Found 11 products in admin.products
2025-05-29 11:53:36,796 - INFO - Updated 11 products in admin.products
2025-05-29 11:53:37,757 - INFO - Standardized all products in admin.products
2025-05-29 11:53:37,917 - INFO - Product field standardization completed successfully
2025-05-29 11:53:37,919 - INFO - Product field standardization completed successfully
2025-05-29 12:24:42,930 - INFO - Starting product field standardization
2025-05-29 12:24:43,748 - INFO - Connected to MongoDB
2025-05-29 12:24:44,484 - INFO - Found 1 products in shop.Product
2025-05-29 12:24:44,564 - INFO - Updated 1 products in shop.Product
2025-05-29 12:24:44,724 - INFO - Standardized all products in shop.Product
2025-05-29 12:24:44,806 - INFO - Found 8 products in shop.products
2025-05-29 12:24:44,887 - INFO - Updated 8 products in shop.products
2025-05-29 12:24:45,605 - INFO - Standardized all products in shop.products
2025-05-29 12:24:45,765 - INFO - Found 11 products in admin.products
2025-05-29 12:24:45,846 - INFO - Updated 11 products in admin.products
2025-05-29 12:24:46,827 - INFO - Standardized all products in admin.products
2025-05-29 12:24:46,988 - INFO - Product field standardization completed successfully
2025-05-29 12:24:46,991 - INFO - Product field standardization completed successfully
