{"timestamp": "2025-08-12T17:02:11.057842Z", "level": "WARNING", "logger": "security", "message": "CSRF token validation failed", "module": "logging_config", "function": "log_security_event", "line": 227, "ip_address": null, "endpoint": "/api/coupons/validate", "method": "POST"}
{"timestamp": "2025-08-12T17:02:28.794625Z", "level": "WARNING", "logger": "security", "message": "CSRF token validation failed", "module": "logging_config", "function": "log_security_event", "line": 227, "ip_address": null, "endpoint": "/api/paypal/orders", "method": "POST"}
{"timestamp": "2025-08-12T17:03:54.997311Z", "level": "WARNING", "logger": "security", "message": "CSRF token validation failed", "module": "logging_config", "function": "log_security_event", "line": 227, "ip_address": null, "endpoint": "/api/coupons/validate", "method": "POST"}
{"timestamp": "2025-08-12T17:04:00.208356Z", "level": "WARNING", "logger": "security", "message": "CSRF token validation failed", "module": "logging_config", "function": "log_security_event", "line": 227, "ip_address": null, "endpoint": "/api/paypal/orders", "method": "POST"}
{"timestamp": "2025-08-12T17:04:11.220969Z", "level": "WARNING", "logger": "security", "message": "CSRF token validation failed", "module": "logging_config", "function": "log_security_event", "line": 227, "ip_address": null, "endpoint": "/api/coupons/validate", "method": "POST"}
{"timestamp": "2025-08-12T17:04:13.039008Z", "level": "WARNING", "logger": "security", "message": "Suspicious request patterns detected in URL: admin", "module": "logging_config", "function": "log_security_event", "line": 227, "ip_address": null, "endpoint": "/admin/products"}
{"timestamp": "2025-08-12T17:04:13.466297Z", "level": "WARNING", "logger": "security", "message": "Suspicious request patterns detected in URL: admin", "module": "logging_config", "function": "log_security_event", "line": 227, "ip_address": null, "endpoint": "/admin/products"}
{"timestamp": "2025-08-12T17:04:13.990590Z", "level": "WARNING", "logger": "security", "message": "Suspicious request patterns detected in URL: admin", "module": "logging_config", "function": "log_security_event", "line": 227, "ip_address": null, "endpoint": "/admin/coupons"}
{"timestamp": "2025-08-12T17:04:14.428386Z", "level": "WARNING", "logger": "security", "message": "Suspicious request patterns detected in URL: admin", "module": "logging_config", "function": "log_security_event", "line": 227, "ip_address": null, "endpoint": "/admin/coupons"}
{"timestamp": "2025-08-12T17:06:16.022935Z", "level": "WARNING", "logger": "security", "message": "CSRF token validation failed", "module": "logging_config", "function": "log_security_event", "line": 227, "ip_address": null, "endpoint": "/api/coupons/validate", "method": "POST"}
{"timestamp": "2025-08-12T17:11:59.780408Z", "level": "WARNING", "logger": "security", "message": "CSRF token validation failed", "module": "logging_config", "function": "log_security_event", "line": 227, "ip_address": "127.0.0.1", "endpoint": "/api/coupons/validate", "method": "POST"}
{"timestamp": "2025-08-12T17:19:50.537675Z", "level": "WARNING", "logger": "security", "message": "Suspicious request patterns detected in URL: admin", "module": "logging_config", "function": "log_security_event", "line": 227, "ip_address": "127.0.0.1", "endpoint": "/admin/coupons"}
{"timestamp": "2025-08-12T17:19:50.537903Z", "level": "WARNING", "logger": "security", "message": "CSRF token validation failed", "module": "logging_config", "function": "log_security_event", "line": 227, "ip_address": "127.0.0.1", "endpoint": "/admin/coupons", "method": "POST"}
{"timestamp": "2025-08-12T17:20:19.400886Z", "level": "WARNING", "logger": "security", "message": "Suspicious request patterns detected in URL: admin", "module": "logging_config", "function": "log_security_event", "line": 227, "ip_address": "127.0.0.1", "endpoint": "/admin/coupons"}
{"timestamp": "2025-08-12T17:20:27.195085Z", "level": "WARNING", "logger": "security", "message": "Suspicious request patterns detected in URL: admin", "module": "logging_config", "function": "log_security_event", "line": 227, "ip_address": "127.0.0.1", "endpoint": "/admin/coupons"}
{"timestamp": "2025-08-12T17:22:39.391759Z", "level": "WARNING", "logger": "security", "message": "Suspicious request patterns detected in URL: admin", "module": "logging_config", "function": "log_security_event", "line": 227, "ip_address": null, "endpoint": "/admin/products"}
{"timestamp": "2025-08-12T17:22:40.281408Z", "level": "WARNING", "logger": "security", "message": "Suspicious request patterns detected in URL: admin", "module": "logging_config", "function": "log_security_event", "line": 227, "ip_address": null, "endpoint": "/admin/products"}
{"timestamp": "2025-08-12T17:22:47.719824Z", "level": "WARNING", "logger": "security", "message": "Suspicious request patterns detected in URL: admin", "module": "logging_config", "function": "log_security_event", "line": 227, "ip_address": null, "endpoint": "/admin/coupons"}
{"timestamp": "2025-08-12T17:22:47.977913Z", "level": "WARNING", "logger": "security", "message": "Suspicious request patterns detected in URL: admin", "module": "logging_config", "function": "log_security_event", "line": 227, "ip_address": null, "endpoint": "/admin/coupons"}
{"timestamp": "2025-08-12T17:22:49.025999Z", "level": "WARNING", "logger": "security", "message": "Suspicious request patterns detected in URL: admin", "module": "logging_config", "function": "log_security_event", "line": 227, "ip_address": null, "endpoint": "/admin/key-metrics"}
{"timestamp": "2025-08-12T17:22:49.026173Z", "level": "WARNING", "logger": "security", "message": "Suspicious request patterns detected in URL: admin", "module": "logging_config", "function": "log_security_event", "line": 227, "ip_address": null, "endpoint": "/admin/products"}
{"timestamp": "2025-08-12T17:22:49.147367Z", "level": "WARNING", "logger": "security", "message": "Suspicious request patterns detected in URL: admin", "module": "logging_config", "function": "log_security_event", "line": 227, "ip_address": null, "endpoint": "/admin/key-metrics"}
{"timestamp": "2025-08-12T17:22:49.147543Z", "level": "WARNING", "logger": "security", "message": "Suspicious request patterns detected in URL: admin", "module": "logging_config", "function": "log_security_event", "line": 227, "ip_address": null, "endpoint": "/admin/products"}
{"timestamp": "2025-08-12T17:22:51.030844Z", "level": "WARNING", "logger": "security", "message": "Suspicious request patterns detected in URL: admin", "module": "logging_config", "function": "log_security_event", "line": 227, "ip_address": null, "endpoint": "/admin/products"}
{"timestamp": "2025-08-12T17:22:51.031026Z", "level": "WARNING", "logger": "security", "message": "Suspicious request patterns detected in URL: admin", "module": "logging_config", "function": "log_security_event", "line": 227, "ip_address": null, "endpoint": "/admin/key-metrics"}
{"timestamp": "2025-08-12T17:22:51.321750Z", "level": "WARNING", "logger": "security", "message": "Suspicious request patterns detected in URL: admin", "module": "logging_config", "function": "log_security_event", "line": 227, "ip_address": null, "endpoint": "/admin/key-metrics"}
{"timestamp": "2025-08-12T17:22:51.634393Z", "level": "WARNING", "logger": "security", "message": "Suspicious request patterns detected in URL: admin", "module": "logging_config", "function": "log_security_event", "line": 227, "ip_address": null, "endpoint": "/admin/products"}
{"timestamp": "2025-08-12T19:54:40.100791Z", "level": "WARNING", "logger": "security", "message": "Suspicious request patterns detected in URL: admin", "module": "logging_config", "function": "log_security_event", "line": 227, "ip_address": null, "endpoint": "/admin/products"}
